<?xml version="1.0" encoding="utf-8"?><!DOCTYPE nta PUBLIC '-//Uppaal Team//DTD Flat System 1.1//EN' 'http://www.it.uu.se/research/group/darts/uppaal/flat-1_1.dtd'><nta><declaration>// Place global declarations here.
clock x;
chan C;</declaration><template><name x="5" y="5">Template</name><declaration>// Place local declarations here.
</declaration><location id="id0" x="-40" y="-96"></location><init ref="id0"/><transition><source ref="id0"/><target ref="id0"/><label kind="guard" x="-100" y="-126">x &lt; 10</label><label kind="synchronisation" x="-100" y="-111">C!</label><label kind="assignment" x="-100" y="-96">x = 0</label><nail x="-56" y="-208"/><nail x="88" y="-144"/></transition></template><system>// Place template instantiations here.
Process = Template();

// List one or more processes to be composed into a system.
system Process;</system></nta>